    OpenRGB v0.9+ (1.0rc2)
    Commit:  from 
    Launched: 20251118_202356
====================================================================================================

52    |Info:    [ResourceManager] Saving detector settings
53    |Info:    [ResourceManager] Initializing HID interfaces: Success
53    |Info:    ------------------------------------------------------
53    |Info:    |               Start device detection               |
53    |Info:    ------------------------------------------------------
73    |Info:    ------------------------------------------------------
73    |Info:    |             Detecting I2C interfaces               |
73    |Info:    ------------------------------------------------------
77    |Info:    [ResourceManager] Registering I2C interface: /dev/i2c-3 Device 1002:7550 Subsystem: 1EAE:8811
77    |Warning: [i2c_smbus_linux] Failed to read i2c device PCI device ID
77    |Info:    [ResourceManager] Registering I2C interface: /dev/i2c-10 Device 0000:0000 Subsystem: 0000:0000
78    |Info:    [ResourceManager] Registering I2C interface: /dev/i2c-1 Device 0000:0000 Subsystem: 0000:0000
78    |Warning: [i2c_smbus_linux] Failed to read i2c device PCI device ID
78    |Info:    [ResourceManager] Registering I2C interface: /dev/i2c-17 Device 0000:0000 Subsystem: 0000:0000
78    |Warning: [i2c_smbus_linux] Failed to read i2c device PCI device ID
78    |Info:    [ResourceManager] Registering I2C interface: /dev/i2c-8 Device 0000:0000 Subsystem: 0000:0000
78    |Warning: [i2c_smbus_linux] Failed to read i2c device PCI device ID
78    |Info:    [ResourceManager] Registering I2C interface: /dev/i2c-15 Device 0000:0000 Subsystem: 0000:0000
78    |Info:    [ResourceManager] Registering I2C interface: /dev/i2c-6 Device 1002:7550 Subsystem: 1EAE:8811
78    |Info:    [ResourceManager] Registering I2C interface: /dev/i2c-13 Device 1002:164E Subsystem: 1458:D000
78    |Info:    [ResourceManager] Registering I2C interface: /dev/i2c-4 Device 1002:7550 Subsystem: 1EAE:8811
78    |Info:    [ResourceManager] Registering I2C interface: /dev/i2c-11 Device 1002:164E Subsystem: 1458:D000
78    |Info:    [ResourceManager] Registering I2C interface: /dev/i2c-2 Device 1002:7550 Subsystem: 1EAE:8811
78    |Info:    [ResourceManager] Registering I2C interface: /dev/i2c-0 Device 0000:0000 Subsystem: 0000:0000
78    |Warning: [i2c_smbus_linux] Failed to read i2c device PCI device ID
78    |Info:    [ResourceManager] Registering I2C interface: /dev/i2c-9 Device 0000:0000 Subsystem: 0000:0000
78    |Warning: [i2c_smbus_linux] Failed to read i2c device PCI device ID
78    |Info:    [ResourceManager] Registering I2C interface: /dev/i2c-16 Device 0000:0000 Subsystem: 0000:0000
78    |Info:    [ResourceManager] Registering I2C interface: /dev/i2c-7 Device 1002:7550 Subsystem: 1EAE:8811
78    |Info:    [ResourceManager] Registering I2C interface: /dev/i2c-14 Device 1002:164E Subsystem: 1458:D000
78    |Info:    [ResourceManager] Registering I2C interface: /dev/i2c-5 Device 1002:7550 Subsystem: 1EAE:8811
79    |Info:    [ResourceManager] Registering I2C interface: /dev/i2c-12 Device 1002:164E Subsystem: 1458:D000
79    |Info:    ------------------------------------------------------
79    |Info:    |               Detecting I2C devices                |
79    |Info:    ------------------------------------------------------
108   |Info:    ------------------------------------------------------
108   |Info:    |            Detecting I2C DIMM modules              |
108   |Info:    ------------------------------------------------------
108   |Info:    ------------------------------------------------------
108   |Info:    |               Detecting I2C PCI devices            |
108   |Info:    ------------------------------------------------------
109   |Info:    ------------------------------------------------------
109   |Info:    |               Detecting HID devices                |
109   |Info:    ------------------------------------------------------
325   |Info:    [B850 AORUS ELITE WIFI7] Registering RGB controller
376   |Info:    [Lian Li Uni Hub - SL Infinity] Registering RGB controller
376   |Info:    ------------------------------------------------------
376   |Info:    |            Detecting libusb HID devices            |
376   |Info:    ------------------------------------------------------
438   |Info:    ------------------------------------------------------
438   |Info:    |              Detecting other devices               |
438   |Info:    ------------------------------------------------------
469   |Info:    [ResourceManager] Calling Post-detection callbacks
469   |Info:    ------------------------------------------------------
469   |Info:    |                Detection completed                 |
469   |Info:    ------------------------------------------------------
306816|Info:    [ResourceManager] Initializing HID interfaces: Success
306816|Info:    ------------------------------------------------------
306816|Info:    |               Start device detection               |
306816|Info:    ------------------------------------------------------
306835|Info:    ------------------------------------------------------
306835|Info:    |             Detecting I2C interfaces               |
306835|Info:    ------------------------------------------------------
306835|Info:    [ResourceManager] Registering I2C interface: /dev/i2c-3 Device 1002:7550 Subsystem: 1EAE:8811
306835|Warning: [i2c_smbus_linux] Failed to read i2c device PCI device ID
306835|Info:    [ResourceManager] Registering I2C interface: /dev/i2c-10 Device 0000:0000 Subsystem: 0000:0000
306835|Info:    [ResourceManager] Registering I2C interface: /dev/i2c-1 Device 0000:0000 Subsystem: 0000:0000
306835|Warning: [i2c_smbus_linux] Failed to read i2c device PCI device ID
306836|Info:    [ResourceManager] Registering I2C interface: /dev/i2c-17 Device 0000:0000 Subsystem: 0000:0000
306836|Warning: [i2c_smbus_linux] Failed to read i2c device PCI device ID
306836|Info:    [ResourceManager] Registering I2C interface: /dev/i2c-8 Device 0000:0000 Subsystem: 0000:0000
306836|Warning: [i2c_smbus_linux] Failed to read i2c device PCI device ID
306836|Info:    [ResourceManager] Registering I2C interface: /dev/i2c-15 Device 0000:0000 Subsystem: 0000:0000
306836|Info:    [ResourceManager] Registering I2C interface: /dev/i2c-6 Device 1002:7550 Subsystem: 1EAE:8811
306836|Info:    [ResourceManager] Registering I2C interface: /dev/i2c-13 Device 1002:164E Subsystem: 1458:D000
306836|Info:    [ResourceManager] Registering I2C interface: /dev/i2c-4 Device 1002:7550 Subsystem: 1EAE:8811
306836|Info:    [ResourceManager] Registering I2C interface: /dev/i2c-11 Device 1002:164E Subsystem: 1458:D000
306836|Info:    [ResourceManager] Registering I2C interface: /dev/i2c-2 Device 1002:7550 Subsystem: 1EAE:8811
306836|Info:    [ResourceManager] Registering I2C interface: /dev/i2c-0 Device 0000:0000 Subsystem: 0000:0000
306836|Warning: [i2c_smbus_linux] Failed to read i2c device PCI device ID
306836|Info:    [ResourceManager] Registering I2C interface: /dev/i2c-9 Device 0000:0000 Subsystem: 0000:0000
306836|Warning: [i2c_smbus_linux] Failed to read i2c device PCI device ID
306836|Info:    [ResourceManager] Registering I2C interface: /dev/i2c-16 Device 0000:0000 Subsystem: 0000:0000
306836|Info:    [ResourceManager] Registering I2C interface: /dev/i2c-7 Device 1002:7550 Subsystem: 1EAE:8811
306836|Info:    [ResourceManager] Registering I2C interface: /dev/i2c-14 Device 1002:164E Subsystem: 1458:D000
306836|Info:    [ResourceManager] Registering I2C interface: /dev/i2c-5 Device 1002:7550 Subsystem: 1EAE:8811
306852|Info:    [ResourceManager] Registering I2C interface: /dev/i2c-12 Device 1002:164E Subsystem: 1458:D000
306852|Info:    ------------------------------------------------------
306852|Info:    |               Detecting I2C devices                |
306852|Info:    ------------------------------------------------------
306881|Info:    ------------------------------------------------------
306881|Info:    |            Detecting I2C DIMM modules              |
306881|Info:    ------------------------------------------------------
306881|Info:    ------------------------------------------------------
306881|Info:    |               Detecting I2C PCI devices            |
306881|Info:    ------------------------------------------------------
306882|Info:    ------------------------------------------------------
306882|Info:    |               Detecting HID devices                |
306882|Info:    ------------------------------------------------------
307042|Info:    [B850 AORUS ELITE WIFI7] Registering RGB controller
307093|Info:    [Lian Li Uni Hub - SL Infinity] Registering RGB controller
307093|Info:    ------------------------------------------------------
307093|Info:    |            Detecting libusb HID devices            |
307093|Info:    ------------------------------------------------------
307136|Info:    ------------------------------------------------------
307136|Info:    |              Detecting other devices               |
307136|Info:    ------------------------------------------------------
307152|Info:    [ResourceManager] Calling Post-detection callbacks
307152|Info:    ------------------------------------------------------
307152|Info:    |                Detection completed                 |
307152|Info:    ------------------------------------------------------
393260|Info:    [ResourceManager] Initializing HID interfaces: Success
393260|Info:    ------------------------------------------------------
393260|Info:    |               Start device detection               |
393260|Info:    ------------------------------------------------------
393279|Info:    ------------------------------------------------------
393279|Info:    |             Detecting I2C interfaces               |
393279|Info:    ------------------------------------------------------
393279|Info:    [ResourceManager] Registering I2C interface: /dev/i2c-3 Device 1002:7550 Subsystem: 1EAE:8811
393279|Warning: [i2c_smbus_linux] Failed to read i2c device PCI device ID
393279|Info:    [ResourceManager] Registering I2C interface: /dev/i2c-10 Device 0000:0000 Subsystem: 0000:0000
393279|Info:    [ResourceManager] Registering I2C interface: /dev/i2c-1 Device 0000:0000 Subsystem: 0000:0000
393279|Warning: [i2c_smbus_linux] Failed to read i2c device PCI device ID
393279|Info:    [ResourceManager] Registering I2C interface: /dev/i2c-17 Device 0000:0000 Subsystem: 0000:0000
393279|Warning: [i2c_smbus_linux] Failed to read i2c device PCI device ID
393280|Info:    [ResourceManager] Registering I2C interface: /dev/i2c-8 Device 0000:0000 Subsystem: 0000:0000
393280|Warning: [i2c_smbus_linux] Failed to read i2c device PCI device ID
393280|Info:    [ResourceManager] Registering I2C interface: /dev/i2c-15 Device 0000:0000 Subsystem: 0000:0000
393280|Info:    [ResourceManager] Registering I2C interface: /dev/i2c-6 Device 1002:7550 Subsystem: 1EAE:8811
393280|Info:    [ResourceManager] Registering I2C interface: /dev/i2c-13 Device 1002:164E Subsystem: 1458:D000
393280|Info:    [ResourceManager] Registering I2C interface: /dev/i2c-4 Device 1002:7550 Subsystem: 1EAE:8811
393280|Info:    [ResourceManager] Registering I2C interface: /dev/i2c-11 Device 1002:164E Subsystem: 1458:D000
393280|Info:    [ResourceManager] Registering I2C interface: /dev/i2c-2 Device 1002:7550 Subsystem: 1EAE:8811
393280|Info:    [ResourceManager] Registering I2C interface: /dev/i2c-0 Device 0000:0000 Subsystem: 0000:0000
393280|Warning: [i2c_smbus_linux] Failed to read i2c device PCI device ID
393280|Info:    [ResourceManager] Registering I2C interface: /dev/i2c-9 Device 0000:0000 Subsystem: 0000:0000
393280|Warning: [i2c_smbus_linux] Failed to read i2c device PCI device ID
393280|Info:    [ResourceManager] Registering I2C interface: /dev/i2c-16 Device 0000:0000 Subsystem: 0000:0000
393280|Info:    [ResourceManager] Registering I2C interface: /dev/i2c-7 Device 1002:7550 Subsystem: 1EAE:8811
393280|Info:    [ResourceManager] Registering I2C interface: /dev/i2c-14 Device 1002:164E Subsystem: 1458:D000
393280|Info:    [ResourceManager] Registering I2C interface: /dev/i2c-5 Device 1002:7550 Subsystem: 1EAE:8811
393280|Info:    [ResourceManager] Registering I2C interface: /dev/i2c-12 Device 1002:164E Subsystem: 1458:D000
393280|Info:    ------------------------------------------------------
393280|Info:    |               Detecting I2C devices                |
393280|Info:    ------------------------------------------------------
393309|Info:    ------------------------------------------------------
393309|Info:    |            Detecting I2C DIMM modules              |
393309|Info:    ------------------------------------------------------
393309|Info:    ------------------------------------------------------
393309|Info:    |               Detecting I2C PCI devices            |
393309|Info:    ------------------------------------------------------
393310|Info:    ------------------------------------------------------
393310|Info:    |               Detecting HID devices                |
393310|Info:    ------------------------------------------------------
393477|Info:    [B850 AORUS ELITE WIFI7] Registering RGB controller
393528|Info:    [Lian Li Uni Hub - SL Infinity] Registering RGB controller
393528|Info:    ------------------------------------------------------
393528|Info:    |            Detecting libusb HID devices            |
393528|Info:    ------------------------------------------------------
393576|Info:    ------------------------------------------------------
393576|Info:    |              Detecting other devices               |
393576|Info:    ------------------------------------------------------
393591|Info:    [ResourceManager] Calling Post-detection callbacks
393591|Info:    ------------------------------------------------------
393591|Info:    |                Detection completed                 |
393591|Info:    ------------------------------------------------------
404959|Info:    [ResourceManager] Initializing HID interfaces: Success
404959|Info:    ------------------------------------------------------
404959|Info:    |               Start device detection               |
404959|Info:    ------------------------------------------------------
404978|Info:    ------------------------------------------------------
404978|Info:    |             Detecting I2C interfaces               |
404978|Info:    ------------------------------------------------------
404978|Info:    [ResourceManager] Registering I2C interface: /dev/i2c-3 Device 1002:7550 Subsystem: 1EAE:8811
404978|Warning: [i2c_smbus_linux] Failed to read i2c device PCI device ID
404978|Info:    [ResourceManager] Registering I2C interface: /dev/i2c-10 Device 0000:0000 Subsystem: 0000:0000
404979|Info:    [ResourceManager] Registering I2C interface: /dev/i2c-1 Device 0000:0000 Subsystem: 0000:0000
404979|Warning: [i2c_smbus_linux] Failed to read i2c device PCI device ID
404979|Info:    [ResourceManager] Registering I2C interface: /dev/i2c-17 Device 0000:0000 Subsystem: 0000:0000
404979|Warning: [i2c_smbus_linux] Failed to read i2c device PCI device ID
404979|Info:    [ResourceManager] Registering I2C interface: /dev/i2c-8 Device 0000:0000 Subsystem: 0000:0000
404979|Warning: [i2c_smbus_linux] Failed to read i2c device PCI device ID
404979|Info:    [ResourceManager] Registering I2C interface: /dev/i2c-15 Device 0000:0000 Subsystem: 0000:0000
404979|Info:    [ResourceManager] Registering I2C interface: /dev/i2c-6 Device 1002:7550 Subsystem: 1EAE:8811
404979|Info:    [ResourceManager] Registering I2C interface: /dev/i2c-13 Device 1002:164E Subsystem: 1458:D000
404979|Info:    [ResourceManager] Registering I2C interface: /dev/i2c-4 Device 1002:7550 Subsystem: 1EAE:8811
404979|Info:    [ResourceManager] Registering I2C interface: /dev/i2c-11 Device 1002:164E Subsystem: 1458:D000
404979|Info:    [ResourceManager] Registering I2C interface: /dev/i2c-2 Device 1002:7550 Subsystem: 1EAE:8811
404979|Info:    [ResourceManager] Registering I2C interface: /dev/i2c-0 Device 0000:0000 Subsystem: 0000:0000
404979|Warning: [i2c_smbus_linux] Failed to read i2c device PCI device ID
404979|Info:    [ResourceManager] Registering I2C interface: /dev/i2c-9 Device 0000:0000 Subsystem: 0000:0000
404979|Warning: [i2c_smbus_linux] Failed to read i2c device PCI device ID
404979|Info:    [ResourceManager] Registering I2C interface: /dev/i2c-16 Device 0000:0000 Subsystem: 0000:0000
404979|Info:    [ResourceManager] Registering I2C interface: /dev/i2c-7 Device 1002:7550 Subsystem: 1EAE:8811
404979|Info:    [ResourceManager] Registering I2C interface: /dev/i2c-14 Device 1002:164E Subsystem: 1458:D000
404979|Info:    [ResourceManager] Registering I2C interface: /dev/i2c-5 Device 1002:7550 Subsystem: 1EAE:8811
404980|Info:    [ResourceManager] Registering I2C interface: /dev/i2c-12 Device 1002:164E Subsystem: 1458:D000
404980|Info:    ------------------------------------------------------
404980|Info:    |               Detecting I2C devices                |
404980|Info:    ------------------------------------------------------
405008|Info:    ------------------------------------------------------
405008|Info:    |            Detecting I2C DIMM modules              |
405008|Info:    ------------------------------------------------------
405008|Info:    ------------------------------------------------------
405008|Info:    |               Detecting I2C PCI devices            |
405008|Info:    ------------------------------------------------------
405009|Info:    ------------------------------------------------------
405009|Info:    |               Detecting HID devices                |
405009|Info:    ------------------------------------------------------
405172|Info:    [B850 AORUS ELITE WIFI7] Registering RGB controller
405224|Info:    [Lian Li Uni Hub - SL Infinity] Registering RGB controller
405224|Info:    ------------------------------------------------------
405224|Info:    |            Detecting libusb HID devices            |
405224|Info:    ------------------------------------------------------
405266|Info:    ------------------------------------------------------
405266|Info:    |              Detecting other devices               |
405266|Info:    ------------------------------------------------------
405282|Info:    [ResourceManager] Calling Post-detection callbacks
405282|Info:    ------------------------------------------------------
405282|Info:    |                Detection completed                 |
405282|Info:    ------------------------------------------------------
